<?xml version="1.0" encoding="UTF-8"?>
<!-- Generated by org.testng.reporters.JUnitReportReporter -->
<testsuite hostname="DESKTOP-3F1EOJO" failures="0" tests="3" name="test.day4" time="0.004" errors="0" timestamp="2023-12-08T10:49:26 SAST" skipped="0">
  <testcase classname="test.day4" name="LoginAPIhomeLoan" time="0.002"/>
  <system-out/>
  <testcase classname="test.day4" name="MobileloginhomeLoan" time="0.001"/>
  <system-out/>
  <testcase classname="test.day4" name="webloginHome" time="0.001"/>
  <system-out/>
</testsuite> <!-- test.day4 -->
