<?xml version="1.0" encoding="UTF-8"?>
<!-- Generated by org.testng.reporters.JUnitReportReporter -->
<testsuite hostname="DESKTOP-3F1EOJO" failures="0" tests="1" name="test.day2" time="0.001" errors="0" timestamp="2023-12-08T10:49:26 SAST" skipped="0">
  <testcase classname="test.day2" name="ploan" time="0.001"/>
  <system-out/>
</testsuite> <!-- test.day2 -->
