<?xml version="1.0" encoding="UTF-8"?>
<!-- Generated by org.testng.reporters.JUnitReportReporter -->
<testsuite hostname="DESKTOP-3F1EOJO" failures="0" tests="6" name="test.day3" time="0.006" errors="0" timestamp="2023-12-08T10:49:26 SAST" skipped="1">
  <testcase classname="test.day3" name="MobilelogincarLoan" time="0.001"/>
  <system-out/>
  <testcase classname="test.day3" name="MobileSigoutcarLoan" time="0.000"/>
  <system-out/>
  <testcase classname="test.day3" name="MobileSigoutcarLoan" time="0.002"/>
  <system-out/>
  <testcase classname="test.day3" name="MobileSigoutcarLoan" time="0.002"/>
  <system-out/>
  <testcase classname="test.day3" name="weblogincarLoan" time="0.001"/>
  <system-out/>
  <testcase classname="test.day3" name="MobileSignincarLoan">
    <skipped/>
  </testcase> <!-- MobileSignincarLoan -->
  <system-out/>
</testsuite> <!-- test.day3 -->
