<?xml version="1.0" encoding="UTF-8"?>
<!-- Generated by org.testng.reporters.JUnitReportReporter -->
<testsuite hostname="DESKTOP-3F1EOJO" failures="0" tests="1" name="test.day1" time="0.004" errors="0" timestamp="2023-12-08T10:49:26 SAST" skipped="0">
  <testcase classname="test.day1" name="Demo" time="0.004"/>
  <system-out/>
</testsuite> <!-- test.day1 -->
